openCVSamplecolorblobdetection/build/outputs/logs/manifest-merger-debug-report.txt
-- Merging decision tree log ---
manifest
ADDED from src\main\AndroidManifest.xml:2:1-40:12
	package
		ADDED from src\main\AndroidManifest.xml:3:11-55
		INJECTED from src\main\AndroidManifest.xml
		INJECTED from src\main\AndroidManifest.xml
	android:versionName
		ADDED from src\main\AndroidManifest.xml:5:11-36
		INJECTED from src\main\AndroidManifest.xml
		INJECTED from src\main\AndroidManifest.xml
	android:versionCode
		ADDED from src\main\AndroidManifest.xml:4:11-34
		INJECTED from src\main\AndroidManifest.xml
		INJECTED from src\main\AndroidManifest.xml
	xmlns:android
		ADDED from src\main\AndroidManifest.xml:2:11-69
application
ADDED from src\main\AndroidManifest.xml:9:5-23:19
	android:label
		ADDED from src\main\AndroidManifest.xml:10:9-41
	android:icon
		ADDED from src\main\AndroidManifest.xml:11:9-38
	android:theme
		ADDED from src\main\AndroidManifest.xml:12:9-67
activity#org.opencv.samples.colorblobdetect.ColorBlobDetectionActivity
ADDED from src\main\AndroidManifest.xml:14:9-22:20
	android:screenOrientation
		ADDED from src\main\AndroidManifest.xml:16:13-50
	android:label
		ADDED from src\main\AndroidManifest.xml:15:13-45
	android:configChanges
		ADDED from src\main\AndroidManifest.xml:17:13-63
	android:name
		ADDED from src\main\AndroidManifest.xml:14:19-60
intent-filter#android.intent.action.MAIN+android.intent.category.LAUNCHER
ADDED from src\main\AndroidManifest.xml:18:13-21:29
action#android.intent.action.MAIN
ADDED from src\main\AndroidManifest.xml:19:17-69
	android:name
		ADDED from src\main\AndroidManifest.xml:19:25-66
category#android.intent.category.LAUNCHER
ADDED from src\main\AndroidManifest.xml:20:17-77
	android:name
		ADDED from src\main\AndroidManifest.xml:20:27-74
supports-screens
ADDED from src\main\AndroidManifest.xml:25:5-29:51
	android:largeScreens
		ADDED from src\main\AndroidManifest.xml:28:23-50
	android:smallScreens
		ADDED from src\main\AndroidManifest.xml:26:23-50
	android:normalScreens
		ADDED from src\main\AndroidManifest.xml:27:23-51
	android:resizeable
		ADDED from src\main\AndroidManifest.xml:25:23-48
	android:anyDensity
		ADDED from src\main\AndroidManifest.xml:29:23-48
uses-sdk
ADDED from src\main\AndroidManifest.xml:31:5-74
MERGED from [MyApplication32:openCVLibrary2411:unspecified] AndroidManifest.xml:7:5-9:40
	android:targetSdkVersion
		ADDED from src\main\AndroidManifest.xml:31:42-71
		INJECTED from src\main\AndroidManifest.xml
		INJECTED from src\main\AndroidManifest.xml
	android:minSdkVersion
		ADDED from src\main\AndroidManifest.xml:31:15-41
		INJECTED from src\main\AndroidManifest.xml
		INJECTED from src\main\AndroidManifest.xml
uses-permission#android.permission.CAMERA
ADDED from src\main\AndroidManifest.xml:33:5-64
	android:name
		ADDED from src\main\AndroidManifest.xml:33:22-62
uses-feature#android.hardware.camera
ADDED from src\main\AndroidManifest.xml:35:5-84
	android:required
		ADDED from src\main\AndroidManifest.xml:35:58-82
	android:name
		ADDED from src\main\AndroidManifest.xml:35:19-57
uses-feature#android.hardware.camera.autofocus
ADDED from src\main\AndroidManifest.xml:36:5-94
	android:required
		ADDED from src\main\AndroidManifest.xml:36:68-92
	android:name
		ADDED from src\main\AndroidManifest.xml:36:19-67
uses-feature#android.hardware.camera.front
ADDED from src\main\AndroidManifest.xml:37:5-90
	android:required
		ADDED from src\main\AndroidManifest.xml:37:64-88
	android:name
		ADDED from src\main\AndroidManifest.xml:37:19-63
uses-feature#android.hardware.camera.front.autofocus
ADDED from src\main\AndroidManifest.xml:38:5-100
	android:required
		ADDED from src\main\AndroidManifest.xml:38:74-98
	android:name
		ADDED from src\main\AndroidManifest.xml:38:19-73